Flow report for de2_115_1proc
Thu Apr 25 19:08:29 2019
Quartus Prime Version 16.1.0 Build 196 10/24/2016 SJ Lite Edition


---------------------
; Table of Contents ;
---------------------
  1. Legal Notice
  2. Flow Summary
  3. Flow Settings
  4. Flow Non-Default Global Settings
  5. Flow Elapsed Time
  6. Flow OS Summary
  7. Flow Log
  8. Flow Messages
  9. Flow Suppressed Messages



----------------
; Legal Notice ;
----------------
Copyright (C) 2016  Intel Corporation. All rights reserved.
Your use of Intel Corporation's design tools, logic functions 
and other software and tools, and its AMPP partner logic 
functions, and any output files from any of the foregoing 
(including device programming or simulation files), and any 
associated documentation or information are expressly subject 
to the terms and conditions of the Intel Program License 
Subscription Agreement, the Intel Quartus Prime License Agreement,
the Intel MegaCore Function License Agreement, or other 
applicable license agreement, including, without limitation, 
that your use is for the sole purpose of programming logic 
devices manufactured by Intel and sold by Intel or its 
authorized distributors.  Please refer to the applicable 
agreement for further details.



+----------------------------------------------------------------------------------+
; Flow Summary                                                                     ;
+------------------------------------+---------------------------------------------+
; Flow Status                        ; Successful - Thu Apr 25 19:08:23 2019       ;
; Quartus Prime Version              ; 16.1.0 Build 196 10/24/2016 SJ Lite Edition ;
; Revision Name                      ; de2_115_1proc                               ;
; Top-level Entity Name              ; de2_115_1proc                               ;
; Family                             ; Cyclone IV E                                ;
; Device                             ; EP4CE115F29C7                               ;
; Timing Models                      ; Final                                       ;
; Total logic elements               ; 4,358 / 114,480 ( 4 % )                     ;
;     Total combinational functions  ; 3,756 / 114,480 ( 3 % )                     ;
;     Dedicated logic registers      ; 2,619 / 114,480 ( 2 % )                     ;
; Total registers                    ; 2733                                        ;
; Total pins                         ; 335 / 529 ( 63 % )                          ;
; Total virtual pins                 ; 0                                           ;
; Total memory bits                  ; 1,664,512 / 3,981,312 ( 42 % )              ;
; Embedded Multiplier 9-bit elements ; 6 / 532 ( 1 % )                             ;
; Total PLLs                         ; 1 / 4 ( 25 % )                              ;
+------------------------------------+---------------------------------------------+


+-----------------------------------------+
; Flow Settings                           ;
+-------------------+---------------------+
; Option            ; Setting             ;
+-------------------+---------------------+
; Start date & time ; 04/25/2019 19:06:15 ;
; Main task         ; Compilation         ;
; Revision Name     ; de2_115_1proc       ;
+-------------------+---------------------+


+----------------------------------------------------------------------------------------------------------------------------------------------------+
; Flow Non-Default Global Settings                                                                                                                   ;
+-------------------------------------+-----------------------------------------------------------------+---------------+---------------+------------+
; Assignment Name                     ; Value                                                           ; Default Value ; Entity Name   ; Section Id ;
+-------------------------------------+-----------------------------------------------------------------+---------------+---------------+------------+
; COMPILER_SIGNATURE_ID               ; 22727983084468.155622997307438                                  ; --            ; --            ; --         ;
; MAX_CORE_JUNCTION_TEMP              ; 85                                                              ; --            ; --            ; --         ;
; MIN_CORE_JUNCTION_TEMP              ; 0                                                               ; --            ; --            ; --         ;
; MISC_FILE                           ; proc_toplevel/synthesis/../proc_toplevel.cmp                    ; --            ; --            ; --         ;
; MISC_FILE                           ; proc_toplevel/synthesis/../../proc_toplevel.qsys                ; --            ; --            ; --         ;
; MISC_FILE                           ; proc_0/synthesis/../proc_0.cmp                                  ; --            ; --            ; --         ;
; MISC_FILE                           ; proc_0/synthesis/../../proc_0.qsys                              ; --            ; --            ; --         ;
; PARTITION_COLOR                     ; -- (Not supported for targeted family)                          ; --            ; --            ; Top        ;
; PARTITION_FITTER_PRESERVATION_LEVEL ; -- (Not supported for targeted family)                          ; --            ; --            ; Top        ;
; PARTITION_NETLIST_TYPE              ; -- (Not supported for targeted family)                          ; --            ; --            ; Top        ;
; POWER_BOARD_THERMAL_MODEL           ; None (CONSERVATIVE)                                             ; --            ; --            ; --         ;
; POWER_PRESET_COOLING_SOLUTION       ; 23 MM HEAT SINK WITH 200 LFPM AIRFLOW                           ; --            ; --            ; --         ;
; SLD_FILE                            ; proc_toplevel/synthesis/proc_toplevel.regmap                    ; --            ; --            ; --         ;
; SLD_FILE                            ; proc_toplevel/synthesis/proc_toplevel.debuginfo                 ; --            ; --            ; --         ;
; SLD_FILE                            ; proc_0/synthesis/proc_0.regmap                                  ; --            ; --            ; --         ;
; SLD_FILE                            ; proc_0/synthesis/proc_0.debuginfo                               ; --            ; --            ; --         ;
; SLD_INFO                            ; QSYS_NAME proc_0 HAS_SOPCINFO 1 GENERATION_ID 1554413719        ; --            ; proc_0        ; --         ;
; SLD_INFO                            ; QSYS_NAME proc_toplevel HAS_SOPCINFO 1 GENERATION_ID 1554416868 ; --            ; proc_toplevel ; --         ;
; SOPCINFO_FILE                       ; proc_toplevel/synthesis/../../proc_toplevel.sopcinfo            ; --            ; --            ; --         ;
; SOPCINFO_FILE                       ; proc_0/synthesis/../../proc_0.sopcinfo                          ; --            ; --            ; --         ;
; SYNTHESIS_ONLY_QIP                  ; On                                                              ; --            ; --            ; --         ;
; SYNTHESIS_ONLY_QIP                  ; On                                                              ; --            ; --            ; --         ;
+-------------------------------------+-----------------------------------------------------------------+---------------+---------------+------------+


+-------------------------------------------------------------------------------------------------------------------------------+
; Flow Elapsed Time                                                                                                             ;
+---------------------------+--------------+-------------------------+---------------------+------------------------------------+
; Module Name               ; Elapsed Time ; Average Processors Used ; Peak Virtual Memory ; Total CPU Time (on all processors) ;
+---------------------------+--------------+-------------------------+---------------------+------------------------------------+
; Analysis & Synthesis      ; 00:00:55     ; 1.0                     ; 1202 MB             ; 00:01:08                           ;
; Fitter                    ; 00:01:01     ; 1.1                     ; 1503 MB             ; 00:01:25                           ;
; Assembler                 ; 00:00:05     ; 1.0                     ; 859 MB              ; 00:00:04                           ;
; TimeQuest Timing Analyzer ; 00:00:06     ; 1.4                     ; 1022 MB             ; 00:00:07                           ;
; Total                     ; 00:02:07     ; --                      ; --                  ; 00:02:44                           ;
+---------------------------+--------------+-------------------------+---------------------+------------------------------------+


+-------------------------------------------------------------------------------------------------+
; Flow OS Summary                                                                                 ;
+---------------------------+----------------------+----------------+------------+----------------+
; Module Name               ; Machine Hostname     ; OS Name        ; OS Version ; Processor type ;
+---------------------------+----------------------+----------------+------------+----------------+
; Analysis & Synthesis      ; CSI-ThinkCentre-M900 ; Ubuntu 18.04.2 ; 18         ; x86_64         ;
; Fitter                    ; CSI-ThinkCentre-M900 ; Ubuntu 18.04.2 ; 18         ; x86_64         ;
; Assembler                 ; CSI-ThinkCentre-M900 ; Ubuntu 18.04.2 ; 18         ; x86_64         ;
; TimeQuest Timing Analyzer ; CSI-ThinkCentre-M900 ; Ubuntu 18.04.2 ; 18         ; x86_64         ;
+---------------------------+----------------------+----------------+------------+----------------+


------------
; Flow Log ;
------------
quartus_map --read_settings_files=on --write_settings_files=off de2_115_1proc -c de2_115_1proc
quartus_fit --read_settings_files=off --write_settings_files=off de2_115_1proc -c de2_115_1proc
quartus_asm --read_settings_files=off --write_settings_files=off de2_115_1proc -c de2_115_1proc
quartus_sta de2_115_1proc -c de2_115_1proc



