Flow report for image_parallel_processing
Thu Mar  7 19:25:54 2019
Quartus Prime Version 16.1.0 Build 196 10/24/2016 SJ Lite Edition


---------------------
; Table of Contents ;
---------------------
  1. Legal Notice
  2. Flow Summary
  3. Flow Settings
  4. Flow Non-Default Global Settings
  5. Flow Elapsed Time
  6. Flow OS Summary
  7. Flow Log
  8. Flow Messages
  9. Flow Suppressed Messages



----------------
; Legal Notice ;
----------------
Copyright (C) 2016  Intel Corporation. All rights reserved.
Your use of Intel Corporation's design tools, logic functions 
and other software and tools, and its AMPP partner logic 
functions, and any output files from any of the foregoing 
(including device programming or simulation files), and any 
associated documentation or information are expressly subject 
to the terms and conditions of the Intel Program License 
Subscription Agreement, the Intel Quartus Prime License Agreement,
the Intel MegaCore Function License Agreement, or other 
applicable license agreement, including, without limitation, 
that your use is for the sole purpose of programming logic 
devices manufactured by Intel and sold by Intel or its 
authorized distributors.  Please refer to the applicable 
agreement for further details.



+-------------------------------------------------------------------------------+
; Flow Summary                                                                  ;
+---------------------------------+---------------------------------------------+
; Flow Status                     ; Successful - Thu Mar  7 19:25:34 2019       ;
; Quartus Prime Version           ; 16.1.0 Build 196 10/24/2016 SJ Lite Edition ;
; Revision Name                   ; image_parallel_processing                   ;
; Top-level Entity Name           ; image_parallel_processing                   ;
; Family                          ; Cyclone V                                   ;
; Device                          ; 5CSEMA5F31C6                                ;
; Timing Models                   ; Final                                       ;
; Logic utilization (in ALMs)     ; 3,294 / 32,070 ( 10 % )                     ;
; Total registers                 ; 5441                                        ;
; Total pins                      ; 40 / 457 ( 9 % )                            ;
; Total virtual pins              ; 0                                           ;
; Total block memory bits         ; 768,320 / 4,065,280 ( 19 % )                ;
; Total DSP Blocks                ; 6 / 87 ( 7 % )                              ;
; Total HSSI RX PCSs              ; 0                                           ;
; Total HSSI PMA RX Deserializers ; 0                                           ;
; Total HSSI TX PCSs              ; 0                                           ;
; Total HSSI PMA TX Serializers   ; 0                                           ;
; Total PLLs                      ; 1 / 6 ( 17 % )                              ;
; Total DLLs                      ; 0 / 4 ( 0 % )                               ;
+---------------------------------+---------------------------------------------+


+-----------------------------------------------+
; Flow Settings                                 ;
+-------------------+---------------------------+
; Option            ; Setting                   ;
+-------------------+---------------------------+
; Start date & time ; 03/07/2019 19:22:13       ;
; Main task         ; Compilation               ;
; Revision Name     ; image_parallel_processing ;
+-------------------+---------------------------+


+---------------------------------------------------------------------------------------------------------------------------------------------------------------+
; Flow Non-Default Global Settings                                                                                                                              ;
+-------------------------------------+------------------------------------------------------------------------------+---------------+-------------+------------+
; Assignment Name                     ; Value                                                                        ; Default Value ; Entity Name ; Section Id ;
+-------------------------------------+------------------------------------------------------------------------------+---------------+-------------+------------+
; COMPILER_SIGNATURE_ID               ; 110073158732052.155199733320145                                              ; --            ; --          ; --         ;
; MAX_CORE_JUNCTION_TEMP              ; 85                                                                           ; --            ; --          ; --         ;
; MIN_CORE_JUNCTION_TEMP              ; 0                                                                            ; --            ; --          ; --         ;
; MISC_FILE                           ; image_parallel_processing/synthesis/../image_parallel_processing.cmp         ; --            ; --          ; --         ;
; MISC_FILE                           ; image_parallel_processing/synthesis/../../image_parallel_processing.qsys     ; --            ; --          ; --         ;
; MISC_FILE                           ; proc_1/synthesis/../proc_1.cmp                                               ; --            ; --          ; --         ;
; MISC_FILE                           ; proc_1/synthesis/../../proc_1.qsys                                           ; --            ; --          ; --         ;
; MISC_FILE                           ; proc_0/synthesis/../proc_0.cmp                                               ; --            ; --          ; --         ;
; MISC_FILE                           ; proc_0/synthesis/../../proc_0.qsys                                           ; --            ; --          ; --         ;
; PARTITION_COLOR                     ; -- (Not supported for targeted family)                                       ; --            ; --          ; Top        ;
; PARTITION_FITTER_PRESERVATION_LEVEL ; -- (Not supported for targeted family)                                       ; --            ; --          ; Top        ;
; PARTITION_NETLIST_TYPE              ; -- (Not supported for targeted family)                                       ; --            ; --          ; Top        ;
; POWER_BOARD_THERMAL_MODEL           ; None (CONSERVATIVE)                                                          ; --            ; --          ; --         ;
; POWER_PRESET_COOLING_SOLUTION       ; 23 MM HEAT SINK WITH 200 LFPM AIRFLOW                                        ; --            ; --          ; --         ;
; PROJECT_OUTPUT_DIRECTORY            ; output_files                                                                 ; --            ; --          ; --         ;
; SLD_FILE                            ; image_parallel_processing/synthesis/image_parallel_processing.regmap         ; --            ; --          ; --         ;
; SLD_FILE                            ; image_parallel_processing/synthesis/image_parallel_processing.debuginfo      ; --            ; --          ; --         ;
; SLD_FILE                            ; proc_1/synthesis/proc_1.regmap                                               ; --            ; --          ; --         ;
; SLD_FILE                            ; proc_1/synthesis/proc_1.debuginfo                                            ; --            ; --          ; --         ;
; SLD_FILE                            ; proc_0/synthesis/proc_0.regmap                                               ; --            ; --          ; --         ;
; SLD_FILE                            ; proc_0/synthesis/proc_0.debuginfo                                            ; --            ; --          ; --         ;
; SLD_INFO                            ; QSYS_NAME image_parallel_processing HAS_SOPCINFO 1 GENERATION_ID 1551995888  ; --            ; --          ; --         ;
; SLD_INFO                            ; QSYS_NAME proc_0 HAS_SOPCINFO 1 GENERATION_ID 1551389386                     ; --            ; proc_0      ; --         ;
; SLD_INFO                            ; QSYS_NAME proc_1 HAS_SOPCINFO 1 GENERATION_ID 1551389396                     ; --            ; proc_1      ; --         ;
; SOPCINFO_FILE                       ; image_parallel_processing/synthesis/../../image_parallel_processing.sopcinfo ; --            ; --          ; --         ;
; SOPCINFO_FILE                       ; proc_1/synthesis/../../proc_1.sopcinfo                                       ; --            ; --          ; --         ;
; SOPCINFO_FILE                       ; proc_0/synthesis/../../proc_0.sopcinfo                                       ; --            ; --          ; --         ;
; SYNTHESIS_ONLY_QIP                  ; On                                                                           ; --            ; --          ; --         ;
; SYNTHESIS_ONLY_QIP                  ; On                                                                           ; --            ; --          ; --         ;
; SYNTHESIS_ONLY_QIP                  ; On                                                                           ; --            ; --          ; --         ;
+-------------------------------------+------------------------------------------------------------------------------+---------------+-------------+------------+


+-------------------------------------------------------------------------------------------------------------------------------+
; Flow Elapsed Time                                                                                                             ;
+---------------------------+--------------+-------------------------+---------------------+------------------------------------+
; Module Name               ; Elapsed Time ; Average Processors Used ; Peak Virtual Memory ; Total CPU Time (on all processors) ;
+---------------------------+--------------+-------------------------+---------------------+------------------------------------+
; Analysis & Synthesis      ; 00:00:59     ; 1.3                     ; 1402 MB             ; 00:01:36                           ;
; Fitter                    ; 00:01:58     ; 1.2                     ; 2681 MB             ; 00:03:52                           ;
; Assembler                 ; 00:00:11     ; 1.0                     ; 1052 MB             ; 00:00:10                           ;
; TimeQuest Timing Analyzer ; 00:00:19     ; 2.1                     ; 1517 MB             ; 00:00:35                           ;
; Total                     ; 00:03:27     ; --                      ; --                  ; 00:06:13                           ;
+---------------------------+--------------+-------------------------+---------------------+------------------------------------+


+-------------------------------------------------------------------------------------------------+
; Flow OS Summary                                                                                 ;
+---------------------------+----------------------+----------------+------------+----------------+
; Module Name               ; Machine Hostname     ; OS Name        ; OS Version ; Processor type ;
+---------------------------+----------------------+----------------+------------+----------------+
; Analysis & Synthesis      ; CSI-ThinkCentre-M900 ; Ubuntu 18.04.2 ; 18         ; x86_64         ;
; Fitter                    ; CSI-ThinkCentre-M900 ; Ubuntu 18.04.2 ; 18         ; x86_64         ;
; Assembler                 ; CSI-ThinkCentre-M900 ; Ubuntu 18.04.2 ; 18         ; x86_64         ;
; TimeQuest Timing Analyzer ; CSI-ThinkCentre-M900 ; Ubuntu 18.04.2 ; 18         ; x86_64         ;
+---------------------------+----------------------+----------------+------------+----------------+


------------
; Flow Log ;
------------
quartus_map --read_settings_files=on --write_settings_files=off image_parallel_processing -c image_parallel_processing
quartus_fit --read_settings_files=off --write_settings_files=off image_parallel_processing -c image_parallel_processing
quartus_asm --read_settings_files=off --write_settings_files=off image_parallel_processing -c image_parallel_processing
quartus_sta image_parallel_processing -c image_parallel_processing



